<?xml version="1.0" encoding="UTF-8"?>
<testng-results skipped="0" failed="0" ignored="0" total="1" passed="1">
  <reporter-output>
  </reporter-output>
  <suite name="Default suite" duration-ms="19578" started-at="2022-04-11T18:11:44Z" finished-at="2022-04-11T18:12:03Z">
    <groups>
    </groups>
    <test name="Default test" duration-ms="19578" started-at="2022-04-11T18:11:44Z" finished-at="2022-04-11T18:12:03Z">
      <class name="LinkDEMO.LinkDemoforOpenCart">
        <test-method status="PASS" signature="LinkDemo()[pri:0, instance:LinkDEMO.LinkDemoforOpenCart@51efea79]" name="LinkDemo" duration-ms="19507" started-at="2022-04-11T18:11:44Z" finished-at="2022-04-11T18:12:03Z">
          <reporter-output>
          </reporter-output>
        </test-method> <!-- LinkDemo -->
      </class> <!-- LinkDEMO.LinkDemoforOpenCart -->
    </test> <!-- Default test -->
  </suite> <!-- Default suite -->
</testng-results>
